<?xml version="1.0" encoding="UTF-8"?>
<!-- Generated by org.testng.reporters.JUnitReportReporter -->
<testsuite skipped="0" hostname="AA-PC" name="framework_testng.Testng_WebDriver_Testcase" tests="1" failures="0" timestamp="2019-11-15T11:52:45 IST" time="27.333" errors="0">
  <testcase name="Tc003_Verify_Messenger_page" time="27.333" classname="framework_testng.Testng_WebDriver_Testcase"/>
</testsuite> <!-- framework_testng.Testng_WebDriver_Testcase -->
