<?xml version="1.0" encoding="UTF-8"?>
<!-- Generated by org.testng.reporters.JUnitReportReporter -->
<testsuite skipped="0" hostname="AA-PC" name="framework_testng.Method_priority" tests="3" failures="0" timestamp="2019-11-14T12:44:55 IST" time="0.018" errors="0">
  <testcase name="f" time="0.013" classname="framework_testng.Method_priority"/>
  <testcase name="x" time="0.001" classname="framework_testng.Method_priority"/>
  <testcase name="a" time="0.004" classname="framework_testng.Method_priority"/>
</testsuite> <!-- framework_testng.Method_priority -->
