<?xml version="1.0" encoding="UTF-8"?>
<!-- Generated by org.testng.reporters.JUnitReportReporter -->
<testsuite skipped="0" hostname="AA-PC" name="framework_testng.DP.TestInput_Data" tests="4" failures="0" timestamp="2019-11-18T12:07:55 IST" time="0.018" errors="0">
  <testcase name="EnterLogin" time="0.001" classname="framework_testng.DP.TestInput_Data"/>
  <testcase name="EnterLogin" time="0.001" classname="framework_testng.DP.TestInput_Data"/>
  <testcase name="EnterLogin" time="0.014" classname="framework_testng.DP.TestInput_Data"/>
  <testcase name="EnterLogin" time="0.002" classname="framework_testng.DP.TestInput_Data"/>
</testsuite> <!-- framework_testng.DP.TestInput_Data -->
