<?xml version="1.0" encoding="UTF-8"?>
<!-- Generated by org.testng.reporters.JUnitReportReporter -->
<testsuite skipped="0" hostname="AA-PC" name="framework_testng.Method_Description" tests="3" failures="0" timestamp="2019-11-14T12:53:12 IST" time="0.016" errors="0">
  <testcase name="method1" time="0.016" classname="framework_testng.Method_Description"/>
  <testcase name="method2" time="0.000" classname="framework_testng.Method_Description"/>
  <testcase name="verifying_login_without_data" time="0.000" classname="framework_testng.Method_Description"/>
</testsuite> <!-- framework_testng.Method_Description -->
