<?xml version="1.0" encoding="UTF-8"?>
<!-- Generated by org.testng.reporters.JUnitReportReporter -->
<testsuite skipped="0" hostname="AA-PC" name="framework_testng.ExtentReports.Global_Testng_Reports" tests="2" failures="0" timestamp="2019-11-14T13:05:43 IST" time="0.032" errors="0">
  <testcase name="tc001_userlogin_valid" time="0.000" classname="framework_testng.ExtentReports.Global_Testng_Reports"/>
  <testcase name="tc001_userlogin_INvalid" time="0.032" classname="framework_testng.ExtentReports.Global_Testng_Reports"/>
</testsuite> <!-- framework_testng.ExtentReports.Global_Testng_Reports -->
