<?xml version="1.0" encoding="UTF-8"?>
<!-- Generated by org.testng.reporters.JUnitReportReporter -->
<testsuite skipped="0" hostname="AA-PC" name="framework_testng.DP.Get_Dataprovider_From_Diff_Class" tests="4" failures="0" timestamp="2019-11-18T12:37:55 IST" time="0.042" errors="0">
  <testcase name="Verify_user_Login" time="0.025" classname="framework_testng.DP.Get_Dataprovider_From_Diff_Class"/>
  <testcase name="Verify_user_Login" time="0.001" classname="framework_testng.DP.Get_Dataprovider_From_Diff_Class"/>
  <testcase name="Verify_user_Login" time="0.002" classname="framework_testng.DP.Get_Dataprovider_From_Diff_Class"/>
  <testcase name="Verify_user_Login" time="0.014" classname="framework_testng.DP.Get_Dataprovider_From_Diff_Class"/>
</testsuite> <!-- framework_testng.DP.Get_Dataprovider_From_Diff_Class -->
