<?xml version="1.0" encoding="UTF-8"?>
<!-- Generated by org.testng.reporters.JUnitReportReporter -->
<testsuite skipped="0" hostname="AA-PC" name="framework_testng.MyTestNG_Test" tests="3" failures="0" timestamp="2019-11-14T12:41:08 IST" time="0.020" errors="0">
  <testcase name="tc001" time="0.011" classname="framework_testng.MyTestNG_Test"/>
  <testcase name="tc002" time="0.002" classname="framework_testng.MyTestNG_Test"/>
  <testcase name="tc003" time="0.007" classname="framework_testng.MyTestNG_Test"/>
</testsuite> <!-- framework_testng.MyTestNG_Test -->
