<?xml version="1.0" encoding="UTF-8"?>
<!-- Generated by org.testng.reporters.JUnitReportReporter -->
<testsuite skipped="0" hostname="AA-PC" name="framework_testng.Groups.TestSuite1" tests="3" failures="0" timestamp="2019-11-16T12:08:18 IST" time="0.016" errors="0">
  <testcase name="tc001" time="0.013" classname="framework_testng.Groups.TestSuite1"/>
  <testcase name="tc002" time="0.002" classname="framework_testng.Groups.TestSuite1"/>
  <testcase name="tc003" time="0.001" classname="framework_testng.Groups.TestSuite1"/>
</testsuite> <!-- framework_testng.Groups.TestSuite1 -->
