<?xml version="1.0" encoding="UTF-8"?>
<!-- Generated by org.testng.reporters.JUnitReportReporter -->
<testsuite skipped="0" hostname="AA-PC" name="framework_testng.DP.Testng_Reading_Data_From_Excel" tests="1" failures="0" timestamp="2019-11-18T12:46:47 IST" time="0.040" errors="0">
  <testcase name="userLogin" time="0.040" classname="framework_testng.DP.Testng_Reading_Data_From_Excel"/>
</testsuite> <!-- framework_testng.DP.Testng_Reading_Data_From_Excel -->
