<?xml version="1.0" encoding="UTF-8"?>
<!-- Generated by org.testng.reporters.JUnitReportReporter -->
<testsuite skipped="0" hostname="AA-PC" name="framework_testng.TestSuite.Class1" tests="2" failures="0" timestamp="2019-11-15T12:45:01 IST" time="0.015" errors="0">
  <testcase name="tc002" time="0.015" classname="framework_testng.TestSuite.Class1"/>
  <testcase name="tc003" time="0.000" classname="framework_testng.TestSuite.Class1"/>
</testsuite> <!-- framework_testng.TestSuite.Class1 -->
