<?xml version="1.0" encoding="UTF-8"?>
<!-- Generated by org.testng.reporters.JUnitReportReporter -->
<testsuite skipped="0" hostname="AA-PC" name="framework_testng.TestSuite.Class3" tests="3" failures="0" timestamp="2019-11-15T12:40:12 IST" time="0.016" errors="0">
  <testcase name="tc007" time="0.000" classname="framework_testng.TestSuite.Class3"/>
  <testcase name="tc009" time="0.000" classname="framework_testng.TestSuite.Class3"/>
  <testcase name="tc008" time="0.016" classname="framework_testng.TestSuite.Class3"/>
</testsuite> <!-- framework_testng.TestSuite.Class3 -->
