<?xml version="1.0" encoding="UTF-8"?>
<!-- Generated by org.testng.reporters.JUnitReportReporter -->
<testsuite skipped="0" hostname="AA-PC" name="framework_testng.Invacation_Count" tests="10" failures="0" timestamp="2019-11-18T11:48:55 IST" time="3.621" errors="0">
  <testcase name="test" time="0.206" classname="framework_testng.Invacation_Count"/>
  <testcase name="test" time="0.229" classname="framework_testng.Invacation_Count"/>
  <testcase name="test" time="1.322" classname="framework_testng.Invacation_Count"/>
  <testcase name="test" time="0.212" classname="framework_testng.Invacation_Count"/>
  <testcase name="test" time="0.223" classname="framework_testng.Invacation_Count"/>
  <testcase name="test" time="0.524" classname="framework_testng.Invacation_Count"/>
  <testcase name="test" time="0.212" classname="framework_testng.Invacation_Count"/>
  <testcase name="test" time="0.223" classname="framework_testng.Invacation_Count"/>
  <testcase name="test" time="0.212" classname="framework_testng.Invacation_Count"/>
  <testcase name="test" time="0.258" classname="framework_testng.Invacation_Count"/>
</testsuite> <!-- framework_testng.Invacation_Count -->
