<?xml version="1.0" encoding="UTF-8"?>
<!-- Generated by org.testng.reporters.JUnitReportReporter -->
<testsuite skipped="0" hostname="AA-PC" name="framework_testng.CrossBrowser.CrossBrowser_Test" tests="8" failures="0" timestamp="2019-11-16T12:59:37 IST" time="70.612" errors="0">
  <testcase name="launchBrowser" time="3.547" classname="framework_testng.CrossBrowser.CrossBrowser_Test"/>
  <testcase name="launchBrowser" time="5.826" classname="framework_testng.CrossBrowser.CrossBrowser_Test"/>
  <testcase name="loadApp" time="10.246" classname="framework_testng.CrossBrowser.CrossBrowser_Test"/>
  <testcase name="loadApp" time="9.880" classname="framework_testng.CrossBrowser.CrossBrowser_Test"/>
  <testcase name="flight_search" time="15.043" classname="framework_testng.CrossBrowser.CrossBrowser_Test"/>
  <testcase name="flight_search" time="12.476" classname="framework_testng.CrossBrowser.CrossBrowser_Test"/>
  <testcase name="closeBrowser" time="5.167" classname="framework_testng.CrossBrowser.CrossBrowser_Test"/>
  <testcase name="closeBrowser" time="8.427" classname="framework_testng.CrossBrowser.CrossBrowser_Test"/>
</testsuite> <!-- framework_testng.CrossBrowser.CrossBrowser_Test -->
