<?xml version="1.0" encoding="UTF-8"?>
<!-- Generated by org.testng.reporters.JUnitReportReporter -->
<testsuite skipped="0" hostname="AA-PC" name="framework_testng.ExtentReports.TestSuite2" tests="2" failures="0" timestamp="2019-11-14T13:05:54 IST" time="0.016" errors="0">
  <testcase name="tc001_reg_valid" time="0.016" classname="framework_testng.ExtentReports.TestSuite2"/>
  <testcase name="tc001_reg_INvalid" time="0.000" classname="framework_testng.ExtentReports.TestSuite2"/>
</testsuite> <!-- framework_testng.ExtentReports.TestSuite2 -->
