<?xml version="1.0" encoding="UTF-8"?>
<!-- Generated by org.testng.reporters.JUnitReportReporter -->
<testsuite skipped="1" hostname="AA-PC" name="framework_testng.DP.InputData" tests="101" failures="0" timestamp="2019-11-18T12:23:22 IST" time="0.254" errors="0">
  <testcase name="test" time="0.001" classname="framework_testng.DP.InputData"/>
  <testcase name="test" time="0.000" classname="framework_testng.DP.InputData"/>
  <testcase name="test" time="0.000" classname="framework_testng.DP.InputData"/>
  <testcase name="test" time="0.000" classname="framework_testng.DP.InputData"/>
  <testcase name="test" time="0.000" classname="framework_testng.DP.InputData"/>
  <testcase name="test" time="0.000" classname="framework_testng.DP.InputData"/>
  <testcase name="test" time="0.000" classname="framework_testng.DP.InputData"/>
  <testcase name="test" time="0.002" classname="framework_testng.DP.InputData"/>
  <testcase name="test" time="0.001" classname="framework_testng.DP.InputData"/>
  <testcase name="test" time="0.001" classname="framework_testng.DP.InputData"/>
  <testcase name="test" time="0.003" classname="framework_testng.DP.InputData"/>
  <testcase name="test" time="0.001" classname="framework_testng.DP.InputData"/>
  <testcase name="test" time="0.000" classname="framework_testng.DP.InputData"/>
  <testcase name="test" time="0.001" classname="framework_testng.DP.InputData"/>
  <testcase name="test" time="0.000" classname="framework_testng.DP.InputData"/>
  <testcase name="test" time="0.001" classname="framework_testng.DP.InputData"/>
  <testcase name="test" time="0.000" classname="framework_testng.DP.InputData"/>
  <testcase name="test" time="0.000" classname="framework_testng.DP.InputData"/>
  <testcase name="test" time="0.000" classname="framework_testng.DP.InputData"/>
  <testcase name="test" time="0.000" classname="framework_testng.DP.InputData"/>
  <testcase name="test" time="0.001" classname="framework_testng.DP.InputData"/>
  <testcase name="test" time="0.000" classname="framework_testng.DP.InputData"/>
  <testcase name="test" time="0.002" classname="framework_testng.DP.InputData"/>
  <testcase name="test" time="0.001" classname="framework_testng.DP.InputData"/>
  <testcase name="test" time="0.000" classname="framework_testng.DP.InputData"/>
  <testcase name="test" time="0.000" classname="framework_testng.DP.InputData"/>
  <testcase name="test" time="0.000" classname="framework_testng.DP.InputData"/>
  <testcase name="test" time="0.000" classname="framework_testng.DP.InputData"/>
  <testcase name="test" time="0.001" classname="framework_testng.DP.InputData"/>
  <testcase name="test" time="0.008" classname="framework_testng.DP.InputData"/>
  <testcase name="test" time="0.000" classname="framework_testng.DP.InputData"/>
  <testcase name="test" time="0.000" classname="framework_testng.DP.InputData"/>
  <testcase name="test" time="0.000" classname="framework_testng.DP.InputData"/>
  <testcase name="test" time="0.000" classname="framework_testng.DP.InputData"/>
  <testcase name="test" time="0.000" classname="framework_testng.DP.InputData"/>
  <testcase name="test" time="0.001" classname="framework_testng.DP.InputData"/>
  <testcase name="test" time="0.001" classname="framework_testng.DP.InputData"/>
  <testcase name="test" time="0.000" classname="framework_testng.DP.InputData"/>
  <testcase name="test" time="0.000" classname="framework_testng.DP.InputData"/>
  <testcase name="test" time="0.000" classname="framework_testng.DP.InputData"/>
  <testcase name="test" time="0.001" classname="framework_testng.DP.InputData"/>
  <testcase name="test" time="0.001" classname="framework_testng.DP.InputData"/>
  <testcase name="test" time="0.001" classname="framework_testng.DP.InputData"/>
  <testcase name="test" time="0.001" classname="framework_testng.DP.InputData"/>
  <testcase name="test" time="0.001" classname="framework_testng.DP.InputData"/>
  <testcase name="test" time="0.000" classname="framework_testng.DP.InputData"/>
  <testcase name="test" time="0.000" classname="framework_testng.DP.InputData"/>
  <testcase name="test" time="0.000" classname="framework_testng.DP.InputData"/>
  <testcase name="test" time="0.000" classname="framework_testng.DP.InputData"/>
  <testcase name="test" time="0.001" classname="framework_testng.DP.InputData"/>
  <testcase name="test" time="0.001" classname="framework_testng.DP.InputData"/>
  <testcase name="test" time="0.003" classname="framework_testng.DP.InputData"/>
  <testcase name="test" time="0.005" classname="framework_testng.DP.InputData"/>
  <testcase name="test" time="0.000" classname="framework_testng.DP.InputData"/>
  <testcase name="test" time="0.001" classname="framework_testng.DP.InputData"/>
  <testcase name="test" time="0.000" classname="framework_testng.DP.InputData"/>
  <testcase name="test" time="0.018" classname="framework_testng.DP.InputData"/>
  <testcase name="test" time="0.000" classname="framework_testng.DP.InputData"/>
  <testcase name="test" time="0.001" classname="framework_testng.DP.InputData"/>
  <testcase name="test" time="0.000" classname="framework_testng.DP.InputData"/>
  <testcase name="test" time="0.003" classname="framework_testng.DP.InputData"/>
  <testcase name="test" time="0.001" classname="framework_testng.DP.InputData"/>
  <testcase name="test" time="0.000" classname="framework_testng.DP.InputData"/>
  <testcase name="test" time="0.001" classname="framework_testng.DP.InputData"/>
  <testcase name="test" time="0.000" classname="framework_testng.DP.InputData"/>
  <testcase name="test" time="0.000" classname="framework_testng.DP.InputData"/>
  <testcase name="test" time="0.000" classname="framework_testng.DP.InputData"/>
  <testcase name="test" time="0.000" classname="framework_testng.DP.InputData"/>
  <testcase name="test" time="0.001" classname="framework_testng.DP.InputData"/>
  <testcase name="test" time="0.001" classname="framework_testng.DP.InputData"/>
  <testcase name="test" time="0.001" classname="framework_testng.DP.InputData"/>
  <testcase name="test" time="0.001" classname="framework_testng.DP.InputData"/>
  <testcase name="test" time="0.002" classname="framework_testng.DP.InputData"/>
  <testcase name="test" time="0.000" classname="framework_testng.DP.InputData"/>
  <testcase name="test" time="0.001" classname="framework_testng.DP.InputData"/>
  <testcase name="test" time="0.005" classname="framework_testng.DP.InputData"/>
  <testcase name="test" time="0.001" classname="framework_testng.DP.InputData"/>
  <testcase name="test" time="0.001" classname="framework_testng.DP.InputData"/>
  <testcase name="test" time="0.001" classname="framework_testng.DP.InputData"/>
  <testcase name="test" time="0.000" classname="framework_testng.DP.InputData"/>
  <testcase name="test" time="0.024" classname="framework_testng.DP.InputData"/>
  <testcase name="test" time="0.000" classname="framework_testng.DP.InputData"/>
  <testcase name="test" time="0.001" classname="framework_testng.DP.InputData"/>
  <testcase name="test" time="0.023" classname="framework_testng.DP.InputData"/>
  <testcase name="test" time="0.001" classname="framework_testng.DP.InputData"/>
  <testcase name="test" time="0.000" classname="framework_testng.DP.InputData"/>
  <testcase name="test" time="0.000" classname="framework_testng.DP.InputData"/>
  <testcase name="test" time="0.001" classname="framework_testng.DP.InputData"/>
  <testcase name="test" time="0.000" classname="framework_testng.DP.InputData"/>
  <testcase name="test" time="0.001" classname="framework_testng.DP.InputData"/>
  <testcase name="test" time="0.009" classname="framework_testng.DP.InputData"/>
  <testcase name="test" time="0.001" classname="framework_testng.DP.InputData"/>
  <testcase name="test" time="0.000" classname="framework_testng.DP.InputData"/>
  <testcase name="test" time="0.001" classname="framework_testng.DP.InputData"/>
  <testcase name="test" time="0.065" classname="framework_testng.DP.InputData"/>
  <testcase name="test" time="0.001" classname="framework_testng.DP.InputData"/>
  <testcase name="test" time="0.001" classname="framework_testng.DP.InputData"/>
  <testcase name="test" time="0.001" classname="framework_testng.DP.InputData"/>
  <testcase name="test" time="0.001" classname="framework_testng.DP.InputData"/>
  <testcase name="test" time="0.042" classname="framework_testng.DP.InputData"/>
  <testcase name="Enter_user_info" classname="framework_testng.DP.InputData">
    <skipped/>
  </testcase> <!-- Enter_user_info -->
</testsuite> <!-- framework_testng.DP.InputData -->
