<?xml version="1.0" encoding="UTF-8"?>
<!-- Generated by org.testng.reporters.JUnitReportReporter -->
<testsuite skipped="0" hostname="AA-PC" name="framework_testng.Groups.TestSuite2" tests="3" failures="0" timestamp="2019-11-16T12:08:18 IST" time="0.006" errors="0">
  <testcase name="tc005" time="0.002" classname="framework_testng.Groups.TestSuite2"/>
  <testcase name="tc006" time="0.002" classname="framework_testng.Groups.TestSuite2"/>
  <testcase name="tc004" time="0.002" classname="framework_testng.Groups.TestSuite2"/>
</testsuite> <!-- framework_testng.Groups.TestSuite2 -->
