<?xml version="1.0" encoding="UTF-8"?>
<!-- Generated by org.testng.reporters.JUnitReportReporter -->
<testsuite skipped="0" hostname="AA-PC" name="framework_testng.DP.Excel_DataProvider_Intergration" tests="2" failures="0" timestamp="2019-11-18T13:00:25 IST" time="0.006" errors="0">
  <testcase name="userLogin" time="0.001" classname="framework_testng.DP.Excel_DataProvider_Intergration"/>
  <testcase name="userLogin" time="0.005" classname="framework_testng.DP.Excel_DataProvider_Intergration"/>
</testsuite> <!-- framework_testng.DP.Excel_DataProvider_Intergration -->
